
> ar-clock@0.1.0 build
> next build

▲ Next.js 16.1.6 (Turbopack)
- Environments: .env.local
- Experiments (use with caution):
  ✓ optimizeCss

  Creating an optimized production build ...
✓ Compiled successfully in 12.6s
  Running TypeScript ...
  Collecting page data using 3 workers ...
⚠ Using edge runtime on a page currently disables static generation for that page
  Generating static pages using 3 workers (0/266) ...
  Generating static pages using 3 workers (66/266) 
  Generating static pages using 3 workers (132/266) 
  Generating static pages using 3 workers (199/266) 
✓ Generating static pages using 3 workers (266/266) in 4.5s
  Finalizing page optimization ...

Route (app)                                            Revalidate  Expire
┌ ○ /
├ ○ /_not-found
├ ƒ /api/ip-city
├ ƒ /api/revalidate
├ ○ /holidays                                                  1d      1y
├ ● /holidays/[slug]                                          12h      1y
│ ├ /holidays/ramadan                                         12h      1y
│ ├ /holidays/eid-al-fitr                                     12h      1y
│ ├ /holidays/eid-al-adha                                     12h      1y
│ └ [+55 more paths]
├ ƒ /holidays/[slug]/opengraph-image
├ ○ /manifest.webmanifest
├ ○ /mwaqit-al-salat
├ ƒ /mwaqit-al-salat/[country]/[city]
├ ƒ /mwaqit-al-salat/[country]/[city]/opengraph-image
├ ○ /robots.txt
├ ○ /sitemap.xml                                               1d      1y
├ ○ /time-difference
├ ƒ /time-difference/[from]/[to]
├ ƒ /time-now/[country]
└ ƒ /time-now/[country]/[city]


○  (Static)   prerendered as static content
●  (SSG)      prerendered as static HTML (uses generateStaticParams)
ƒ  (Dynamic)  server-rendered on demand

