
> ar-clock@0.1.0 build
> npm run export-fallback && next build


> ar-clock@0.1.0 export-fallback
> tsx --env-file=.env.local scripts/export-fallback.ts

[export-fallback] Starting...
[export-fallback] ✅ 252 countries
[export-fallback] ✅ 1189 cities (prioritized & limited)
[export-fallback] Done.
▲ Next.js 16.1.6 (Turbopack, Cache Components)
- Environments: .env.local
- Experiments (use with caution):
  ✓ optimizeCss

  Creating an optimized production build ...
✓ Compiled successfully in 26.0s
  Running TypeScript ...
  Collecting page data using 7 workers ...
⚠ Using edge runtime on a page currently disables static generation for that page
  Generating static pages using 7 workers (0/8447) ...
  Generating static pages using 7 workers (2111/8447) 
  Generating static pages using 7 workers (4223/8447) 
  Generating static pages using 7 workers (6335/8447) 
  Generating static pages using 7 workers (8115/8447) 
✓ Generating static pages using 7 workers (8447/8447) in 3.1min
  Finalizing page optimization ...

Route (app)                                            Revalidate  Expire
┌ ◐ /                                                          1h      1d
├ ○ /_not-found
├ ƒ /api/cities-by-country
├ ƒ /api/ip-city
├ ƒ /api/og/date
├ ƒ /api/pdf-calendar
├ ƒ /api/revalidate
├ ƒ /api/search-city
├ ƒ /api/test-prayer
├ ◐ /date
├ ◐ /date/[year]/[month]/[day]
│ ├ /date/[year]/[month]/[day]
│ ├ /date/2025/[month]/[day]
│ ├ /date/2025/03/[day]
│ └ [+757 more paths]
├ ◐ /date/calendar
├ ◐ /date/calendar/[year]
│ ├ /date/calendar/[year]
│ ├ /date/calendar/2021
│ ├ /date/calendar/2022
│ └ [+9 more paths]
├ ◐ /date/calendar/hijri
├ ◐ /date/calendar/hijri/[year]
│ ├ /date/calendar/hijri/[year]
│ ├ /date/calendar/hijri/1442
│ ├ /date/calendar/hijri/1443
│ └ [+9 more paths]
├ ◐ /date/converter
├ ◐ /date/country/[countrySlug]                                1d      1w
│ ├ /date/country/[countrySlug]                                1d      1w
│ ├ /date/country/andorra                                      1d      1w
│ ├ /date/country/united-arab-emirates                         1d      1w
│ └ [+250 more paths]
├ ◐ /date/gregorian-to-hijri
├ ◐ /date/hijri-to-gregorian
├ ◐ /date/hijri/[year]/[month]/[day]
│ ├ /date/hijri/[year]/[month]/[day]
│ ├ /date/hijri/1442/[month]/[day]
│ ├ /date/hijri/1442/01/[day]
│ └ [+4035 more paths]
├ ƒ /date/hijri/sitemap.xml
├ ƒ /date/sitemap.xml
├ ƒ /date/sitemaps/calendars
├ ƒ /date/sitemaps/countries
├ ƒ /date/sitemaps/static
├ ◐ /date/today
├ ◐ /date/today/gregorian
├ ◐ /date/today/hijri
├ ○ /holidays                                                  1h      1d
├ ◐ /holidays/[slug]                                           1h      1d
│ ├ /holidays/[slug]                                           1h      1d
│ ├ /holidays/ramadan                                          1h      1d
│ ├ /holidays/eid-al-fitr                                      1h      1d
│ └ [+58 more paths]
├ ƒ /holidays/[slug]/opengraph-image
├ ○ /holidays/sitemap.xml
├ ○ /manifest.webmanifest
├ ○ /mwaqit-al-salat                                           1d      1w
├ ◐ /mwaqit-al-salat/[country]                                 1d      1w
│ ├ /mwaqit-al-salat/[country]                                 1d      1w
│ ├ /mwaqit-al-salat/andorra                                   1d      1w
│ ├ /mwaqit-al-salat/united-arab-emirates                      1d      1w
│ └ [+250 more paths]
├ ◐ /mwaqit-al-salat/[country]/[city]                          1d      1w
│ ├ /mwaqit-al-salat/[country]/[city]                          1d      1w
│ ├ /mwaqit-al-salat/china/[city]
│ ├ /mwaqit-al-salat/china/shanghai                            1d      1w
│ └ [+1130 more paths]
├ ƒ /mwaqit-al-salat/[country]/[city]/opengraph-image
├ ƒ /mwaqit-al-salat/sitemap/[__metadata_id__]
├ ○ /robots.txt
├ ƒ /sitemap-index.xml
├ ○ /sitemap.xml
├ ○ /time-difference                                           1d      1w
├ ◐ /time-difference/[from]/[to]
│ └ /time-difference/[from]/[to]
├ ○ /time-now                                                  1d      1w
├ ◐ /time-now/[country]                                        1h      1d
│ ├ /time-now/[country]                                        1h      1d
│ ├ /time-now/andorra                                          1h      1d
│ ├ /time-now/united-arab-emirates                             1h      1d
│ └ [+250 more paths]
├ ◐ /time-now/[country]/[city]                                 1h      1d
│ ├ /time-now/[country]/[city]                                 1h      1d
│ ├ /time-now/china/[city]
│ ├ /time-now/china/shanghai                                   1h      1d
│ └ [+1130 more paths]
├ ƒ /time-now/[country]/[city]/opengraph-image
└ ƒ /time-now/sitemap/[__metadata_id__]


○  (Static)             prerendered as static content
◐  (Partial Prerender)  prerendered as static HTML with dynamic server-streamed content
ƒ  (Dynamic)            server-rendered on demand

